<?xml version="1.0" encoding="UTF-8"?>
<!-- Generated by org.testng.reporters.JUnitReportReporter -->
<testsuite hostname="DESKTOP-VG247UA" failures="0" tests="1" name="EVP.LaunchBrowser" time="12.423" errors="0" timestamp="26 Sep. 2022 21:06:49 GMT" skipped="0">
  <testcase classname="EVP.LaunchBrowser" name="myTest" time="12.423"/>
</testsuite> <!-- EVP.LaunchBrowser -->
