<?xml version="1.0" encoding="UTF-8"?>
<!-- Generated by org.testng.reporters.JUnitReportReporter -->
<testsuite hostname="DESKTOP-VG247UA" failures="0" tests="3" name="EVP.FirstTest" time="46.402" errors="0" timestamp="30 Sep. 2022 20:13:00 GMT" skipped="0">
  <testcase classname="EVP.FirstTest" name="LoginTest" time="16.559"/>
  <testcase classname="EVP.FirstTest" name="LoginTest" time="13.705"/>
  <testcase classname="EVP.FirstTest" name="LoginTest" time="16.138"/>
</testsuite> <!-- EVP.FirstTest -->
